# 
# UBCSAT version 1.2-b18 BETA -- avoid using for published results
# 
# http://ubcsat.dtompkins.com
# 
# ubcsat -h for help
# 
#  -alg hwsat
#  -runs 10 
#  -cutoff 10000000 
#  -timeout 0 
#  -gtimeout 0 
#  -abstime 0
#  -systime 0
#  -timeres 1000 
#  -noimprove 0 
#  -earlysteps 0 
#  -earlyqual 0 
#  -earlywqual 0 
#  -strikes 0 
#  -target 0 
#  -wtarget 0 
#  -seed 1830243618 
#  -solve 0
#  -find,-numsol 0 
#  -findunique 0 
#  -srestart 0 
#  -prestart 0 
#  -drestart 0 
# 
#  -wp 0.1 
# 
# UBCSAT default output: 
#    'ubcsat -r out null' to suppress, 'ubcsat -hc' for customization help
# 
# 
# Output Columns: |run|found|best|beststep|steps|
# 
# run: Run Number
# found: Target Solution Quality Found? (1 => yes)
# best: Best (Lowest) # of False Clauses Found
# beststep: Step of Best (Lowest) # of False Clauses Found
# steps: Total Number of Search Steps
# 
#       F  Best                 Step                Total 
#   Run N Sol'n                   of               Search 
#   No. D Found                 Best                Steps 
# 
      1 0     1               514782             10000000
      2 0     2              4100696             10000000
      3 0     1               839930             10000000
      4 0     3              6111632             10000000
      5 0     1              6539623             10000000
      6 0     2              5152757             10000000
      7 0     1              6265999             10000000
      8 1     0              9134351              9134351
      9 0     1               338442             10000000
     10 0     6               237934             10000000


Variables = 24786
Clauses = 221697
TotalLiterals = 1046115
TotalCPUTimeElapsed = 1619.070  
FlipsPerSecond = 61229  
RunsExecuted = 10
SuccessfulRuns = 1
PercentSuccess = 10.00 
Steps_Mean = 9913435.1
Steps_CoeffVariance = 0.0276132588415
Steps_Median = 10000000
CPUTime_Mean = 161.907
CPUTime_CoeffVariance = 0.0276132588415
CPUTime_Median = 163.32078474


