c YalSAT Yet Another Local Search Solver
c Sequential Standalone Version
c Version 044 34f730fabec286764b3a9f079130cc0a29c2dc47
c Copyright (C) 2013-2019 by Armin Biere, JKU, Linz, Austria.
c Released Mi 24. Jun 19:01:51 CEST 2020
c Compiled Tue Dec  7 23:48:34 EST 2021
c Linux N-org-machine 5.4.0-72-generic x86_64
c CC gcc (Ubuntu 7.5.0-3ubuntu1~18.04) 7.5.0
c CFLAGS -Wall -DNDEBUG -O3
c --best=0
c --cached=1
c --cacheduni=0
c --cachemax=1024
c --cachemin=1
c --correct=0
c --crit=1
c --defrag=1
c --eager=1
c --fixed=4
c --geomfreq=66
c --hitlim=-1
c --keep=0
c --minchunksize=256
c --pick=4
c --pol=0
c --prep=1
c --rbfsrate=10
c --reluctant=1
c --restart=100000
c --restartouter=0
c --restartouterfactor=100
c --setfpu=1
c --termint=1000
c --toggleuniform=0
c --unfairfreq=50
c --uni=0
c --unipick=-1
c --unirestarts=0
c --verbose=1
c --walk=1
c --walkprobability=50
c --weight=5
c --witness=1
c using specified seed 23682
c no flips limit set (by default)
c no mems limit set (by default)
c parsing '../xor6cut/xor6cut-22.cnf'
c parsed header 'p cnf 19548 180858'
c clause variable ratio 9.25
c finished parsing after 0.04 seconds
c allocated 4.0 MB after parsing
c set FPU mode to use double precision
c found 48114 binary, 0 ternary and 132744 large clauses
c size of literal stack 1041672 (897330 for large clauses only)
c connecting 180858 clauses
c 19548 variables used out of 19549, 1 do not occur 0%
c average clause length 4.76 (min 2, max 9)
c using standard non-uniform strategy
c clause variable ratio 9.252 = 180858 / 19548
c average literal occurrence 44.03 (min 36, max 163)
c picking clause by unfair BFS strategy
c using queue for unsat clauses
c 611 x 32-bit words per assignment (2444 bytes = 2 KB)
c need 1 bytes per clause for counting satisfied literals
c dynamically computing break values on-the-fly using critical literals
c exponential base cb = 7.400000 for maxlen 9
c exp2(<= -1573) = 4.94066e-324
c pow(7.400000,(<= -545)) = 1.4822e-323
c starting unlimited search
c outer restarts disabled
c picking new random assignment
c forcing 0 initial phases
c minimum 15101 : best 15101 (tmp 15101), kflips 0, 0.01 sec, 0.00 kflips/sec
c restart 1 : best 15101 (tmp 15101), kflips 0, 0.01 sec, 0.00 kflips/sec
c minimum 7529 : best 7529 (tmp 7529), kflips 22, 0.04 sec, 614.97 kflips/sec
c minimum 3762 : best 3762 (tmp 3762), kflips 43, 0.05 sec, 869.19 kflips/sec
c minimum 1881 : best 1881 (tmp 1881), kflips 49, 0.05 sec, 941.98 kflips/sec
c minimum 932 : best 932 (tmp 932), kflips 55, 0.06 sec, 1001.55 kflips/sec
c minimum 466 : best 466 (tmp 466), kflips 58, 0.06 sec, 1023.92 kflips/sec
c minimum 233 : best 233 (tmp 233), kflips 61, 0.06 sec, 1056.27 kflips/sec
c minimum 116 : best 116 (tmp 116), kflips 68, 0.06 sec, 1106.34 kflips/sec
c minimum 58 : best 58 (tmp 58), kflips 90, 0.07 sec, 1259.82 kflips/sec
c restart 3 : best 46 (tmp 46), kflips 200, 0.12 sec, 1609.72 kflips/sec
c restart 7 : best 33 (tmp 33), kflips 800, 0.44 sec, 1812.56 kflips/sec
c minimum 29 : best 29 (tmp 29), kflips 1301, 0.73 sec, 1789.49 kflips/sec
c minimum 14 : best 14 (tmp 14), kflips 1302, 0.73 sec, 1790.06 kflips/sec
c restart 15 : best 10 (tmp 10), kflips 2400, 1.18 sec, 2028.02 kflips/sec
c restart 31 : best 9 (tmp 9), kflips 6400, 2.78 sec, 2301.91 kflips/sec
c minimum 7 : best 7 (tmp 7), kflips 8303, 3.42 sec, 2431.27 kflips/sec
c restart 63 : best 6 (tmp 6), kflips 16000, 7.20 sec, 2223.61 kflips/sec
c restart 127 : best 5 (tmp 6), kflips 38400, 17.34 sec, 2215.03 kflips/sec
c restart 255 : best 5 (tmp 5), kflips 89600, 41.87 sec, 2139.83 kflips/sec
c restart 511 : best 5 (tmp 20), kflips 204800, 99.62 sec, 2055.75 kflips/sec
c restart 1023 : best 5 (tmp 16), kflips 460800, 222.81 sec, 2068.16 kflips/sec
c restart 2047 : best 5 (tmp 27), kflips 1024000, 478.98 sec, 2137.89 kflips/sec
c restart 4095 : best 5 (tmp 5), kflips 2252800, 1059.10 sec, 2127.10 kflips/sec
c restart 8191 : best 5 (tmp 5), kflips 4915200, 2411.20 sec, 2038.49 kflips/sec
c restart 16383 : best 5 (tmp 5), kflips 10649600, 5075.93 sec, 2098.06 kflips/sec
c
c UNKNOWN
c 
c final minimum of 5 unsatisfied clauses
c restart time 78.934 seconds 1%
c 32377 inner restarts, 819200000 maximum interval
c 0 outer restarts, 0 maximum interval
c default strategy 8130 25%, random strategy 24238 75%
c picked best=0 cached=20260 keep=10 pos=4006 neg=4001 rnd=4101
c cached 3258 assignments, 2234 replaced 69%, 29109 skipped, 1024 size
c 31014718 sigchecks, 31014059 negative 100%, 659 positive 0%, 0 false 0%
c allocated max 7 chunks 32505 links 10579590042 unfair
c 136551 defragmentations in 0.913 seconds 0%
c moved 40608768 in total and 297.4 on average per defragmentation
c 29413690641 broken, 1.39 broken/flip, 29464322195 made, 1.39 made/flip
c 567 maximum 0 minimum sum of weighted breaks
c 22602.463 unsat clauses on average
c 695271492959 incs 1.993 avg satcnt, 695161908828 decs 2.994 avg satcnt
c inc0 1.39 4.24%, inc1 11.65 35.45%, inc2 9.92 30.19%, incl 9.90 30.13%
c dec1 1.39 4.23%, dec2 11.64 35.44%, dec3 9.92 30.19%, decl 9.90 30.14%
c megamems: 3404004 all 100%, 27014 lits 1%, 1390433 crit 41%, 553805 weight 16%
c megamems: 42319 occs 1%, 0 read 0%, 1390433 update 41%
c 346.2 million mems per second, 160.9 mems per flip
c 9831.8 seconds searching, 14.3 MB maximally allocated (14972889 bytes)
c 21159265052 flips, 2152.12 thousand flips per second
c 10181435562 eager best break flips 48.1%
c 5667966101 random walks 26.8%
c minimum 5 hit 2679128843 times, maximum 16203
c total process time of 9831.86 seconds
c maximally allocated 14.3 MB
