# 
# UBCSAT version 1.2-b18 BETA -- avoid using for published results
# 
# http://ubcsat.dtompkins.com
# 
# ubcsat -h for help
# 
#  -alg walksat
#  -runs 10 
#  -cutoff 1 
#  -timeout 0 
#  -gtimeout 0 
#  -abstime 0
#  -systime 0
#  -timeres 1000 
#  -noimprove 0 
#  -earlysteps 0 
#  -earlyqual 0 
#  -earlywqual 0 
#  -strikes 0 
#  -target 0 
#  -wtarget 0 
#  -seed 1762502512 
#  -solve 0
#  -find,-numsol 0 
#  -findunique 0 
#  -srestart 0 
#  -prestart 0 
#  -drestart 0 
# 
#  -wp 0.68 
# 
# UBCSAT default output: 
#    'ubcsat -r out null' to suppress, 'ubcsat -hc' for customization help
# 
# 
# Output Columns: |run|found|best|beststep|steps|
# 
# run: Run Number
# found: Target Solution Quality Found? (1 => yes)
# best: Best (Lowest) # of False Clauses Found
# beststep: Step of Best (Lowest) # of False Clauses Found
# steps: Total Number of Search Steps
# 
#       F  Best                 Step                Total 
#   Run N Sol'n                   of               Search 
#   No. D Found                 Best                Steps 
# 
      1 0 17881                    1                    1
      2 0 17861                    1                    1
      3 0 17369                    1                    1
      4 0 18187                    1                    1
      5 0 17291                    1                    1
      6 0 17477                    1                    1
      7 0 17402                    1                    1
      8 0 18489                    1                    1
      9 0 17973                    1                    1
     10 0 17081                    1                    1


Variables = 23301
Clauses = 215862
TotalLiterals = 1030050
TotalCPUTimeElapsed = 0.020     
FlipsPerSecond = 500    
RunsExecuted = 10
SuccessfulRuns = 0
PercentSuccess = 0.00  
Steps_Mean = 1
Steps_CoeffVariance = 0
Steps_Median = 1
CPUTime_Mean = 0.002
CPUTime_CoeffVariance = 0
CPUTime_Median = 0.002


