# 
# UBCSAT version 1.2-b18 BETA -- avoid using for published results
# 
# http://ubcsat.dtompkins.com
# 
# ubcsat -h for help
# 
#  -alg ddfw
#  -runs 10 
#  -cutoff 10000000 
#  -timeout 0 
#  -gtimeout 0 
#  -abstime 0
#  -systime 0
#  -timeres 1000 
#  -noimprove 0 
#  -earlysteps 0 
#  -earlyqual 0 
#  -earlywqual 0 
#  -strikes 0 
#  -target 0 
#  -wtarget 0 
#  -seed 1126470518 
#  -solve 0
#  -find,-numsol 0 
#  -findunique 0 
#  -srestart 0 
#  -prestart 0 
#  -drestart 0 
# 
#  -pflat 0.15 
#  -tl 0.99 
#  -winit 8 
# 
# UBCSAT default output: 
#    'ubcsat -r out null' to suppress, 'ubcsat -hc' for customization help
# 
# 
# Output Columns: |run|found|best|beststep|steps|
# 
# run: Run Number
# found: Target Solution Quality Found? (1 => yes)
# best: Best (Lowest) # of False Clauses Found
# beststep: Step of Best (Lowest) # of False Clauses Found
# steps: Total Number of Search Steps
# 
#       F  Best                 Step                Total 
#   Run N Sol'n                   of               Search 
#   No. D Found                 Best                Steps 
# 
      1 0     6                13332             10000000
      2 1     0                56083                56083
      3 0     1                44862             10000000
      4 1     0                 5591                 5591
      5 0     1                12059             10000000
      6 0     3                15300             10000000
      7 0     2               198152             10000000
      8 1     0                64552                64552
      9 1     0                 9468                 9468
     10 1     0                29422                29422


Variables = 24786
Clauses = 221697
TotalLiterals = 1046115
TotalCPUTimeElapsed = 93.920    
FlipsPerSecond = 534126 
RunsExecuted = 10
SuccessfulRuns = 5
PercentSuccess = 50.00 
Steps_Mean = 5016511.6
Steps_CoeffVariance = 1.04715956659
Steps_Median = 5032276
CPUTime_Mean = 9.392
CPUTime_CoeffVariance = 1.04715956659
CPUTime_Median = 9.42151438302


