# 
# UBCSAT version 1.2-b18 BETA -- avoid using for published results
# 
# http://ubcsat.dtompkins.com
# 
# ubcsat -h for help
# 
#  -alg jack
#  -runs 10 
#  -cutoff 10000000 
#  -timeout 0 
#  -gtimeout 0 
#  -abstime 0
#  -systime 0
#  -timeres 1000 
#  -noimprove 0 
#  -earlysteps 0 
#  -earlyqual 0 
#  -earlywqual 0 
#  -strikes 0 
#  -target 0 
#  -wtarget 0 
#  -seed 1713842491 
#  -solve 0
#  -find,-numsol 0 
#  -findunique 0 
#  -srestart 0 
#  -prestart 0 
#  -drestart 0 
# 
#  -prom 1
#  -wg2 1 
#  -wm2 1 
#  -wd2 1 
#  -wg3 1 
#  -wm3 1 
#  -wd3 1 
#  -wg4 1 
#  -wm4 1 
#  -wd4 1 
#  -wg10 1 
#  -wm10 1 
#  -wd10 1 
#  -maxg2 0.5 
#  -maxm2 0.5 
#  -maxd2 0.5 
#  -maxg3 0.5 
#  -maxm3 0.5 
#  -maxd3 0.5 
#  -maxg4 0.5 
#  -maxm4 0.5 
#  -maxd4 0.5 
#  -maxg10 0.5 
#  -maxm10 0.5 
#  -maxd10 0.5 
#  -score 1 
#  -make 1 
#  -break 1 
#  -relscore 1 
#  -relmake 1 
#  -relbreak 1 
#  -sparrowscore2 1 
#  -scoreratio 1 
#  -relscoreratio 1 
#  -flat 1 
#  -rand 1 
#  -age 1 
#  -agerange 1 
#  -tabu 1 
#  -sparrowage 1 
#  -age1 1 
#  -age5 1 
#  -flips 1 
#  -relflips 1 
#  -flops 1 
#  -normflops 1 
#  -relflops 1 
#  -relnormflops 1 
#  -resetflops 1 
#  -fair 1 
#  -last 1 
#  -cb 2 
#  -cs 1 
#  -bs 1 
#  -ce 4 
#  -cd 100000 
#  -cr 1 
#  -ct 0 
# 
# UBCSAT default output: 
#    'ubcsat -r out null' to suppress, 'ubcsat -hc' for customization help
# 
# 
# Output Columns: |run|found|best|beststep|steps|
# 
# run: Run Number
# found: Target Solution Quality Found? (1 => yes)
# best: Best (Lowest) # of False Clauses Found
# beststep: Step of Best (Lowest) # of False Clauses Found
# steps: Total Number of Search Steps
# 
#       F  Best                 Step                Total 
#   Run N Sol'n                   of               Search 
#   No. D Found                 Best                Steps 
# 
      1 0    24                  782             10000000
      2 0    24                  717             10000000
      3 0    22                  336             10000000
      4 0    20                 1746             10000000
      5 0    17                 1006             10000000
      6 0    21                  619             10000000
      7 0    19                  521             10000000
      8 0    18                  561             10000000
      9 0    16                 1496             10000000
     10 0    19                  636             10000000


Variables = 24786
Clauses = 221697
TotalLiterals = 1046115
TotalCPUTimeElapsed = 260.280   
FlipsPerSecond = 384202 
RunsExecuted = 10
SuccessfulRuns = 0
PercentSuccess = 0.00  
Steps_Mean = 10000000
Steps_CoeffVariance = 0
Steps_Median = 10000000
CPUTime_Mean = 26.028
CPUTime_CoeffVariance = 0
CPUTime_Median = 26.028


