# 
# UBCSAT version 1.2-b18 BETA -- avoid using for published results
# 
# http://ubcsat.dtompkins.com
# 
# ubcsat -h for help
# 
#  -alg novelty++
#  -runs 10 
#  -cutoff 10000000 
#  -timeout 0 
#  -gtimeout 0 
#  -abstime 0
#  -systime 0
#  -timeres 1000 
#  -noimprove 0 
#  -earlysteps 0 
#  -earlyqual 0 
#  -earlywqual 0 
#  -strikes 0 
#  -target 0 
#  -wtarget 0 
#  -seed 1327842579 
#  -solve 0
#  -find,-numsol 0 
#  -findunique 0 
#  -srestart 0 
#  -prestart 0 
#  -drestart 0 
# 
#  -novnoise 0.5 
#  -dp 0.05 
# 
# UBCSAT default output: 
#    'ubcsat -r out null' to suppress, 'ubcsat -hc' for customization help
# 
# 
# Output Columns: |run|found|best|beststep|steps|
# 
# run: Run Number
# found: Target Solution Quality Found? (1 => yes)
# best: Best (Lowest) # of False Clauses Found
# beststep: Step of Best (Lowest) # of False Clauses Found
# steps: Total Number of Search Steps
# 
#       F  Best                 Step                Total 
#   Run N Sol'n                   of               Search 
#   No. D Found                 Best                Steps 
# 
      1 0    40                  657             10000000
      2 0    39                  285             10000000
      3 0    34                  359             10000000
      4 0    32                  316             10000000
      5 0    33                  387             10000000
      6 0    30                  400             10000000
      7 0    41                  380             10000000
      8 0    32                  365             10000000
      9 0    35                  272             10000000
     10 0    34                  429             10000000


Variables = 24786
Clauses = 221697
TotalLiterals = 1046115
TotalCPUTimeElapsed = 149.720   
FlipsPerSecond = 667913 
RunsExecuted = 10
SuccessfulRuns = 0
PercentSuccess = 0.00  
Steps_Mean = 10000000
Steps_CoeffVariance = 0
Steps_Median = 10000000
CPUTime_Mean = 14.972
CPUTime_CoeffVariance = 0
CPUTime_Median = 14.972


