# 
# UBCSAT version 1.2-b18 BETA -- avoid using for published results
# 
# http://ubcsat.dtompkins.com
# 
# ubcsat -h for help
# 
#  -alg saps
#  -runs 10 
#  -cutoff 10000000 
#  -timeout 0 
#  -gtimeout 0 
#  -abstime 0
#  -systime 0
#  -timeres 1000 
#  -noimprove 0 
#  -earlysteps 0 
#  -earlyqual 0 
#  -earlywqual 0 
#  -strikes 0 
#  -target 0 
#  -wtarget 0 
#  -seed 1274390587 
#  -solve 0
#  -find,-numsol 0 
#  -findunique 0 
#  -srestart 0 
#  -prestart 0 
#  -drestart 0 
# 
#  -alpha 1.3 
#  -rho 0.8 
#  -ps 0.05 
#  -wp 0.01 
#  -sapsthresh -0.1 
# 
# UBCSAT default output: 
#    'ubcsat -r out null' to suppress, 'ubcsat -hc' for customization help
# 
# 
# Output Columns: |run|found|best|beststep|steps|
# 
# run: Run Number
# found: Target Solution Quality Found? (1 => yes)
# best: Best (Lowest) # of False Clauses Found
# beststep: Step of Best (Lowest) # of False Clauses Found
# steps: Total Number of Search Steps
# 
#       F  Best                 Step                Total 
#   Run N Sol'n                   of               Search 
#   No. D Found                 Best                Steps 
# 
      1 0     3                40340             10000000
      2 1     0                42339                42339
      3 0     1                 5221             10000000
      4 0     8                29511             10000000
      5 0     4                16824             10000000
      6 1     0               193397               193397
      7 1     0                10745                10745
      8 0     4                25126             10000000
      9 0     4                 8372             10000000
     10 0    11               237505             10000000


Variables = 24786
Clauses = 221697
TotalLiterals = 1046115
TotalCPUTimeElapsed = 117.180   
FlipsPerSecond = 599475 
RunsExecuted = 10
SuccessfulRuns = 3
PercentSuccess = 30.00 
Steps_Mean = 7024648.1
Steps_CoeffVariance = 0.682026010619
Steps_Median = 10000000
CPUTime_Mean = 11.718
CPUTime_CoeffVariance = 0.682026010619
CPUTime_Median = 16.6812626529


