# 
# UBCSAT version 1.2-b18 BETA -- avoid using for published results
# 
# http://ubcsat.dtompkins.com
# 
# ubcsat -h for help
# 
#  -alg walksat-tabu -v nonull
#  -runs 10 
#  -cutoff 10000000 
#  -timeout 0 
#  -gtimeout 0 
#  -abstime 0
#  -systime 0
#  -timeres 1000 
#  -noimprove 0 
#  -earlysteps 0 
#  -earlyqual 0 
#  -earlywqual 0 
#  -strikes 0 
#  -target 0 
#  -wtarget 0 
#  -seed 315822502 
#  -solve 0
#  -find,-numsol 0 
#  -findunique 0 
#  -srestart 0 
#  -prestart 0 
#  -drestart 0 
# 
#  -tabu 10 
# 
# UBCSAT default output: 
#    'ubcsat -r out null' to suppress, 'ubcsat -hc' for customization help
# 
# 
# Output Columns: |run|found|best|beststep|steps|agemean|
# 
# run: Run Number
# found: Target Solution Quality Found? (1 => yes)
# best: Best (Lowest) # of False Clauses Found
# beststep: Step of Best (Lowest) # of False Clauses Found
# steps: Total Number of Search Steps
# agemean: Mean age of variables when flipped
# 
#       F  Best                 Step                Total    Mean 
#   Run N Sol'n                   of               Search  Age of 
#   No. D Found                 Best                Steps    Vars 
# 
      1 0    22                 1149             10000000 20906.0
      2 0    22                  861             10000000 20900.6
      3 0    22                 2377             10000000 20907.0
      4 0    25                 1107             10000000 20907.2
      5 0    22                 1826             10000000 20891.3
      6 0    25                 2710             10000000 20906.4
      7 0    18                  908             10000000 20914.2
      8 0    23                  881             10000000 20903.6
      9 0    18                 1244             10000000 20904.5
     10 0    23                 1179             10000000 20905.1


Variables = 21033
Clauses = 186693
TotalLiterals = 876879
TotalCPUTimeElapsed = 129.620   
FlipsPerSecond = 771486 
RunsExecuted = 10
SuccessfulRuns = 0
PercentSuccess = 0.00  
Steps_Mean = 10000000
Steps_CoeffVariance = 0
Steps_Median = 10000000
CPUTime_Mean = 12.962
CPUTime_CoeffVariance = 0
CPUTime_Median = 12.962


