# 
# UBCSAT version 1.2-b18 BETA -- avoid using for published results
# 
# http://ubcsat.dtompkins.com
# 
# ubcsat -h for help
# 
#  -alg walksat-tabu -v nonull
#  -runs 10 
#  -cutoff 10000000 
#  -timeout 0 
#  -gtimeout 0 
#  -abstime 0
#  -systime 0
#  -timeres 1000 
#  -noimprove 0 
#  -earlysteps 0 
#  -earlyqual 0 
#  -earlywqual 0 
#  -strikes 0 
#  -target 0 
#  -wtarget 0 
#  -seed 1852086499 
#  -solve 0
#  -find,-numsol 0 
#  -findunique 0 
#  -srestart 0 
#  -prestart 0 
#  -drestart 0 
# 
#  -tabu 10 
# 
# UBCSAT default output: 
#    'ubcsat -r out null' to suppress, 'ubcsat -hc' for customization help
# 
# 
# Output Columns: |run|found|best|beststep|steps|agemean|
# 
# run: Run Number
# found: Target Solution Quality Found? (1 => yes)
# best: Best (Lowest) # of False Clauses Found
# beststep: Step of Best (Lowest) # of False Clauses Found
# steps: Total Number of Search Steps
# agemean: Mean age of variables when flipped
# 
#       F  Best                 Step                Total    Mean 
#   Run N Sol'n                   of               Search  Age of 
#   No. D Found                 Best                Steps    Vars 
# 
      1 0    27                  613             10000000 23135.4
      2 0    33                  851             10000000 23151.3
      3 0    26                 1676             10000000 23151.0
      4 0    23                  781             10000000 23135.9
      5 0    23                 1350             10000000 23134.3
      6 0    23                 1335             10000000 23136.9
      7 0    25                  771             10000000 23123.6
      8 0    22                 2234             10000000 23143.2
      9 0    20                 1388             10000000 23142.2
     10 0    22                  964             10000000 23145.1


Variables = 23301
Clauses = 215862
TotalLiterals = 1030050
TotalCPUTimeElapsed = 134.600   
FlipsPerSecond = 742942 
RunsExecuted = 10
SuccessfulRuns = 0
PercentSuccess = 0.00  
Steps_Mean = 10000000
Steps_CoeffVariance = 0
Steps_Median = 10000000
CPUTime_Mean = 13.46
CPUTime_CoeffVariance = 0
CPUTime_Median = 13.46


