# 
# UBCSAT version 1.2-b18 BETA -- avoid using for published results
# 
# http://ubcsat.dtompkins.com
# 
# ubcsat -h for help
# 
#  -alg walksat-tabu -v nonull
#  -runs 10 
#  -cutoff 10000000 
#  -timeout 0 
#  -gtimeout 0 
#  -abstime 0
#  -systime 0
#  -timeres 1000 
#  -noimprove 0 
#  -earlysteps 0 
#  -earlyqual 0 
#  -earlywqual 0 
#  -strikes 0 
#  -target 0 
#  -wtarget 0 
#  -seed 1717982462 
#  -solve 0
#  -find,-numsol 0 
#  -findunique 0 
#  -srestart 0 
#  -prestart 0 
#  -drestart 0 
# 
#  -tabu 10 
# 
# UBCSAT default output: 
#    'ubcsat -r out null' to suppress, 'ubcsat -hc' for customization help
# 
# 
# Output Columns: |run|found|best|beststep|steps|agemean|
# 
# run: Run Number
# found: Target Solution Quality Found? (1 => yes)
# best: Best (Lowest) # of False Clauses Found
# beststep: Step of Best (Lowest) # of False Clauses Found
# steps: Total Number of Search Steps
# agemean: Mean age of variables when flipped
# 
#       F  Best                 Step                Total    Mean 
#   Run N Sol'n                   of               Search  Age of 
#   No. D Found                 Best                Steps    Vars 
# 
      1 0    23                 1028             10000000 19440.1
      2 0    23                  446             10000000 19439.4
      3 0    21                  859             10000000 19444.9
      4 0    21                  707             10000000 19446.3
      5 0    19                 1752             10000000 19449.7
      6 0    17                 1125             10000000 19435.4
      7 0    23                  839             10000000 19434.6
      8 0    22                  554             10000000 19438.6
      9 0    19                  482             10000000 19434.5
     10 0    18                  995             10000000 19443.2


Variables = 19548
Clauses = 180858
TotalLiterals = 860814
TotalCPUTimeElapsed = 122.160   
FlipsPerSecond = 818599 
RunsExecuted = 10
SuccessfulRuns = 0
PercentSuccess = 0.00  
Steps_Mean = 10000000
Steps_CoeffVariance = 0
Steps_Median = 10000000
CPUTime_Mean = 12.216
CPUTime_CoeffVariance = 0
CPUTime_Median = 12.216


