# 
# UBCSAT version 1.2-b18 BETA -- avoid using for published results
# 
# http://ubcsat.dtompkins.com
# 
# ubcsat -h for help
# 
#  -alg walksat-tabu -v nonull
#  -runs 10 
#  -cutoff 10000000 
#  -timeout 0 
#  -gtimeout 0 
#  -abstime 0
#  -systime 0
#  -timeres 1000 
#  -noimprove 0 
#  -earlysteps 0 
#  -earlyqual 0 
#  -earlywqual 0 
#  -strikes 0 
#  -target 0 
#  -wtarget 0 
#  -seed 1337882488 
#  -solve 0
#  -find,-numsol 0 
#  -findunique 0 
#  -srestart 0 
#  -prestart 0 
#  -drestart 0 
# 
#  -tabu 10 
# 
# UBCSAT default output: 
#    'ubcsat -r out null' to suppress, 'ubcsat -hc' for customization help
# 
# 
# Output Columns: |run|found|best|beststep|steps|agemean|
# 
# run: Run Number
# found: Target Solution Quality Found? (1 => yes)
# best: Best (Lowest) # of False Clauses Found
# beststep: Step of Best (Lowest) # of False Clauses Found
# steps: Total Number of Search Steps
# agemean: Mean age of variables when flipped
# 
#       F  Best                 Step                Total    Mean 
#   Run N Sol'n                   of               Search  Age of 
#   No. D Found                 Best                Steps    Vars 
# 
      1 0    22                 1123             10000000 22398.3
      2 0    24                  709             10000000 22407.8
      3 0    20                 1571             10000000 22381.6
      4 0    16                 1348             10000000 22406.4
      5 0    21                 1478             10000000 22400.9
      6 0    25                 1506             10000000 22394.1
      7 0    32                  741             10000000 22394.3
      8 0    27                  773             10000000 22386.6
      9 0    21                 1391             10000000 22391.3
     10 0    30                 1194             10000000 22384.1


Variables = 22545
Clauses = 201279
TotalLiterals = 941085
TotalCPUTimeElapsed = 128.160   
FlipsPerSecond = 780275 
RunsExecuted = 10
SuccessfulRuns = 0
PercentSuccess = 0.00  
Steps_Mean = 10000000
Steps_CoeffVariance = 0
Steps_Median = 10000000
CPUTime_Mean = 12.816
CPUTime_CoeffVariance = 0
CPUTime_Median = 12.816


