# 
# UBCSAT version 1.2-b18 BETA -- avoid using for published results
# 
# http://ubcsat.dtompkins.com
# 
# ubcsat -h for help
# 
#  -alg walksat-tabu -v nonull
#  -runs 10 
#  -cutoff 10000000 
#  -timeout 0 
#  -gtimeout 0 
#  -abstime 0
#  -systime 0
#  -timeres 1000 
#  -noimprove 0 
#  -earlysteps 0 
#  -earlyqual 0 
#  -earlywqual 0 
#  -strikes 0 
#  -target 0 
#  -wtarget 0 
#  -seed 1641278523 
#  -solve 0
#  -find,-numsol 0 
#  -findunique 0 
#  -srestart 0 
#  -prestart 0 
#  -drestart 0 
# 
#  -tabu 10 
# 
# UBCSAT default output: 
#    'ubcsat -r out null' to suppress, 'ubcsat -hc' for customization help
# 
# 
# Output Columns: |run|found|best|beststep|steps|agemean|
# 
# run: Run Number
# found: Target Solution Quality Found? (1 => yes)
# best: Best (Lowest) # of False Clauses Found
# beststep: Step of Best (Lowest) # of False Clauses Found
# steps: Total Number of Search Steps
# agemean: Mean age of variables when flipped
# 
#       F  Best                 Step                Total    Mean 
#   Run N Sol'n                   of               Search  Age of 
#   No. D Found                 Best                Steps    Vars 
# 
      1 0    19                 1946             10000000 24601.2
      2 0    33                  460             10000000 24610.8
      3 0    21                  882             10000000 24589.6
      4 0    28                 1105             10000000 24601.3
      5 0    22                 1604             10000000 24585.3
      6 0    24                 1020             10000000 24612.9
      7 0    21                 1534             10000000 24587.4
      8 0    20                 1237             10000000 24578.9
      9 0    24                 1147             10000000 24602.6
     10 0    34                  734             10000000 24599.0


Variables = 24786
Clauses = 221697
TotalLiterals = 1046115
TotalCPUTimeElapsed = 138.100   
FlipsPerSecond = 724113 
RunsExecuted = 10
SuccessfulRuns = 0
PercentSuccess = 0.00  
Steps_Mean = 10000000
Steps_CoeffVariance = 0
Steps_Median = 10000000
CPUTime_Mean = 13.81
CPUTime_CoeffVariance = 0
CPUTime_Median = 13.81


