# 
# UBCSAT version 1.2-b18 BETA -- avoid using for published results
# 
# http://ubcsat.dtompkins.com
# 
# ubcsat -h for help
# 
#  -alg walksat
#  -runs 10 
#  -cutoff 10000000 
#  -timeout 0 
#  -gtimeout 0 
#  -abstime 0
#  -systime 0
#  -timeres 1000 
#  -noimprove 0 
#  -earlysteps 0 
#  -earlyqual 0 
#  -earlywqual 0 
#  -strikes 0 
#  -target 0 
#  -wtarget 0 
#  -seed 159374542 
#  -solve 0
#  -find,-numsol 0 
#  -findunique 0 
#  -srestart 0 
#  -prestart 0 
#  -drestart 0 
# 
#  -wp 0.23 
# 
# UBCSAT default output: 
#    'ubcsat -r out null' to suppress, 'ubcsat -hc' for customization help
# 
# 
# Output Columns: |run|found|best|beststep|steps|
# 
# run: Run Number
# found: Target Solution Quality Found? (1 => yes)
# best: Best (Lowest) # of False Clauses Found
# beststep: Step of Best (Lowest) # of False Clauses Found
# steps: Total Number of Search Steps
# 
#       F  Best                 Step                Total 
#   Run N Sol'n                   of               Search 
#   No. D Found                 Best                Steps 
# 
      1 0   172              2916966             10000000
      2 0   124              1011218             10000000
      3 0   160              7768329             10000000
      4 0   150              7888832             10000000
      5 0   183               332258             10000000
      6 0   193              7507846             10000000
      7 0   194              6178013             10000000
      8 0   156              1422929             10000000
      9 0   170              1272742             10000000
     10 0   181              8978822             10000000


Variables = 21033
Clauses = 186693
TotalLiterals = 876879
TotalCPUTimeElapsed = 86.820    
FlipsPerSecond = 1151808
RunsExecuted = 10
SuccessfulRuns = 0
PercentSuccess = 0.00  
Steps_Mean = 10000000
Steps_CoeffVariance = 0
Steps_Median = 10000000
CPUTime_Mean = 8.682
CPUTime_CoeffVariance = 0
CPUTime_Median = 8.682


