c YalSAT Yet Another Local Search Solver
c Sequential Standalone Version
c Version 03v b1316746d40f72f147cde3f4ec54fadbe0730427
c Copyright (C) 2013-2016 by Armin Biere, JKU, Linz, Austria.
c Released Fr 1. Mär 05:17:48 CET 2019
c Compiled Wed Nov 24 15:40:16 UTC 2021
c Linux napolco 4.9.0-8-amd64 x86_64
c CC gcc (Debian 6.3.0-18+deb9u1) 6.3.0 20170516
c CFLAGS -Wall -DNDEBUG -O3
c --best=0
c --breakzero=0
c --cached=1
c --cacheduni=0
c --cachemax=1024
c --cachemin=1
c --correct=0
c --crit=1
c --defrag=1
c --fixed=4
c --geomfreq=66
c --hitlim=-1
c --keep=0
c --minchunksize=256
c --pick=4
c --pol=0
c --prep=1
c --rbfsrate=10
c --reluctant=1
c --restart=100000
c --restartouter=0
c --restartouterfactor=100
c --setfpu=1
c --termint=1000
c --toggleuniform=0
c --unfairfreq=50
c --uni=0
c --unipick=-1
c --unirestarts=0
c --verbose=1
c --weight=5
c --witness=1
c using specified seed 24658
c using specified flips limit 10000000
c no mems limit set (by default)
c parsing '../xor6cut/xor6cut-24.cnf'
c parsed header 'p cnf 21789 192528'
c clause variable ratio 8.84
c finished parsing after 0.06 seconds
c allocated 8.0 MB after parsing
c new flips limit 10000000
c set FPU mode to use double precision
c found 52488 binary, 0 ternary and 140040 large clauses
c size of literal stack 1091304 (933840 for large clauses only)
c connecting 192528 clauses
c 21789 variables used out of 21790, 1 do not occur 0%
c average clause length 4.67 (min 2, max 9)
c using standard non-uniform strategy
c clause variable ratio 8.836 = 192528 / 21789
c average literal occurrence 41.25 (min 36, max 163)
c picking clause by unfair BFS strategy
c using queue for unsat clauses
c 681 x 32-bit words per assignment (2724 bytes = 2 KB)
c need 1 bytes per clause for counting satisfied literals
c dynamically computing break values on-the-fly using critical literals
c exponential base cb = 5.400000 for maxlen 9
c exp2(<= -1573) = 4.94066e-324
c pow(5.400000,(<= -647)) = 4.94066e-324
c search limited by 10000000 flips
c search not limited by the number of mems
c outer restarts disabled
c picking new random assignment
c forcing 0 initial phases
c new minimum : best 16058 (tmp 16058), kflips 0, 0.01 sec, 0.00 kflips/sec 359 pos 
c restart 1 : best 16058 (tmp 16058), kflips 0, 0.01 sec, 0.00 kflips/sec 359 pos 
c new minimum : best 8029 (tmp 8029), kflips 5, 0.02 sec, 195.46 kflips/sec 354 pos 
c new minimum : best 4014 (tmp 4014), kflips 7, 0.03 sec, 247.86 kflips/sec 365 pos 
c new minimum : best 2007 (tmp 2007), kflips 10, 0.03 sec, 301.94 kflips/sec 366 pos 
c new minimum : best 1003 (tmp 1003), kflips 13, 0.04 sec, 368.86 kflips/sec 364 pos 
c new minimum : best 501 (tmp 501), kflips 19, 0.04 sec, 435.41 kflips/sec 364 pos 
c restart 3 : best 347 (tmp 347), kflips 200, 0.24 sec, 833.33 kflips/sec 365 pos 
c restart 7 : best 343 (tmp 343), kflips 800, 0.89 sec, 896.86 kflips/sec 366 pos 
c restart 15 : best 343 (tmp 343), kflips 2400, 2.51 sec, 955.41 kflips/sec 366 pos 
c restart 31 : best 332 (tmp 343), kflips 6400, 6.78 sec, 944.51 kflips/sec 366 pos 
