c YalSAT Yet Another Local Search Solver
c Sequential Standalone Version
c Version 03v b1316746d40f72f147cde3f4ec54fadbe0730427
c Copyright (C) 2013-2016 by Armin Biere, JKU, Linz, Austria.
c Released Fr 1. Mär 05:17:48 CET 2019
c Compiled Wed Dec  8 04:00:16 EST 2021
c Linux N-org-machine 5.4.0-72-generic x86_64
c CC gcc (Ubuntu 7.5.0-3ubuntu1~18.04) 7.5.0
c CFLAGS -Wall -DNDEBUG -O3
c --best=0
c --breakzero=0
c --cached=1
c --cacheduni=0
c --cachemax=1024
c --cachemin=1
c --correct=0
c --crit=1
c --defrag=1
c --fixed=4
c --geomfreq=66
c --hitlim=-1
c --keep=0
c --minchunksize=256
c --pick=4
c --pol=0
c --prep=1
c --rbfsrate=10
c --reluctant=1
c --restart=100000
c --restartouter=0
c --restartouterfactor=100
c --setfpu=1
c --termint=1000
c --toggleuniform=0
c --unfairfreq=50
c --uni=0
c --unipick=-1
c --unirestarts=0
c --verbose=1
c --weight=5
c --witness=1
c using specified seed 16150
c no flips limit set (by default)
c no mems limit set (by default)
c parsing '../xor6cut/xor6cut-26.cnf'
c parsed header 'p cnf 23301 215862'
c clause variable ratio 9.26
c finished parsing after 0.04 seconds
c allocated 8.0 MB after parsing
c set FPU mode to use double precision
c found 56862 binary, 0 ternary and 159000 large clauses
c size of literal stack 1245912 (1075326 for large clauses only)
c connecting 215862 clauses
c 23301 variables used out of 23302, 1 do not occur 0%
c average clause length 4.77 (min 2, max 9)
c using standard non-uniform strategy
c clause variable ratio 9.264 = 215862 / 23301
c average literal occurrence 44.20 (min 36, max 163)
c picking clause by unfair BFS strategy
c using queue for unsat clauses
c 729 x 32-bit words per assignment (2916 bytes = 2 KB)
c need 1 bytes per clause for counting satisfied literals
c dynamically computing break values on-the-fly using critical literals
c exponential base cb = 5.400000 for maxlen 9
c exp2(<= -1573) = 4.94066e-324
c pow(5.400000,(<= -647)) = 4.94066e-324
c starting unlimited search
c outer restarts disabled
c picking new random assignment
c forcing 0 initial phases
c new minimum : best 17608 (tmp 17608), kflips 0, 0.02 sec, 0.00 kflips/sec 344 pos 
c restart 1 : best 17608 (tmp 17608), kflips 0, 0.02 sec, 0.00 kflips/sec 344 pos 
c new minimum : best 8804 (tmp 8804), kflips 5, 0.03 sec, 191.06 kflips/sec 359 pos 
c new minimum : best 4402 (tmp 4402), kflips 7, 0.03 sec, 263.63 kflips/sec 372 pos 
c new minimum : best 2199 (tmp 2199), kflips 10, 0.03 sec, 318.72 kflips/sec 372 pos 
c new minimum : best 1099 (tmp 1099), kflips 13, 0.03 sec, 370.74 kflips/sec 372 pos 
c new minimum : best 549 (tmp 549), kflips 17, 0.04 sec, 437.64 kflips/sec 374 pos 
c restart 3 : best 380 (tmp 380), kflips 200, 0.19 sec, 1033.82 kflips/sec 375 pos 
c restart 7 : best 345 (tmp 345), kflips 800, 0.67 sec, 1196.41 kflips/sec 404 pos 
c restart 15 : best 341 (tmp 360), kflips 2400, 1.96 sec, 1227.30 kflips/sec 344 pos 
c restart 31 : best 341 (tmp 341), kflips 6400, 5.09 sec, 1257.77 kflips/sec 411 pos 
c restart 63 : best 313 (tmp 386), kflips 16000, 12.63 sec, 1266.34 kflips/sec 368 pos 
c restart 127 : best 283 (tmp 283), kflips 38400, 30.44 sec, 1261.46 kflips/sec 405 pos 
c new minimum : best 274 (tmp 274), kflips 65600, 51.82 sec, 1265.90 kflips/sec 370 pos 
c restart 255 : best 271 (tmp 271), kflips 89600, 71.25 sec, 1257.59 kflips/sec 370 pos 
c restart 511 : best 264 (tmp 268), kflips 204800, 162.41 sec, 1261.03 kflips/sec 414 pos 
c restart 1023 : best 259 (tmp 263), kflips 460800, 353.92 sec, 1301.98 kflips/sec 328 pos 
c restart 2047 : best 244 (tmp 246), kflips 1024000, 788.37 sec, 1298.88 kflips/sec 423 pos 
c restart 4095 : best 243 (tmp 244), kflips 2252800, 1735.27 sec, 1298.24 kflips/sec 371 pos 
