# 
# UBCSAT version 1.2-b18 BETA -- avoid using for published results
# 
# http://ubcsat.dtompkins.com
# 
# ubcsat -h for help
# 
#  -alg adaptg2wsat
#  -runs 10 
#  -cutoff 1000000 
#  -timeout 0 
#  -gtimeout 0 
#  -abstime 0
#  -systime 0
#  -timeres 1000 
#  -noimprove 0 
#  -earlysteps 0 
#  -earlyqual 0 
#  -earlywqual 0 
#  -strikes 0 
#  -target 0 
#  -wtarget 0 
#  -seed 298058424 
#  -solve 0
#  -find,-numsol 0 
#  -findunique 0 
#  -srestart 0 
#  -prestart 0 
#  -drestart 0 
# 
#  -prom 0 
#  -div 0 
#  -base 0 
#  -phi 0.1 
#  -theta 0.2 
# 
# UBCSAT default output: 
#    'ubcsat -r out null' to suppress, 'ubcsat -hc' for customization help
# 
# 
# Output Columns: |run|found|best|beststep|steps|
# 
# run: Run Number
# found: Target Solution Quality Found? (1 => yes)
# best: Best (Lowest) # of False Clauses Found
# beststep: Step of Best (Lowest) # of False Clauses Found
# steps: Total Number of Search Steps
# 
#       F  Best                 Step                Total 
#   Run N Sol'n                   of               Search 
#   No. D Found                 Best                Steps 
# 
      1 0   337               500653              1000000
      2 0   346               997080              1000000
      3 0   303               929270              1000000
      4 0   296               990665              1000000
      5 0   348               357677              1000000
      6 0   366               236105              1000000
      7 0   354               967179              1000000
      8 0   331               790930              1000000
      9 0   302               946964              1000000
     10 0   333               904581              1000000


Variables = 24786
Clauses = 221697
TotalLiterals = 1046115
TotalCPUTimeElapsed = 11.640    
FlipsPerSecond = 859107 
RunsExecuted = 10
SuccessfulRuns = 0
PercentSuccess = 0.00  
Steps_Mean = 1000000
Steps_CoeffVariance = 0
Steps_Median = 1000000
CPUTime_Mean = 1.164
CPUTime_CoeffVariance = 0
CPUTime_Median = 1.164


