# 
# UBCSAT version 1.2-b18 BETA -- avoid using for published results
# 
# http://ubcsat.dtompkins.com
# 
# ubcsat -h for help
# 
#  -alg novelty+p
#  -runs 10 
#  -cutoff 1000000 
#  -timeout 0 
#  -gtimeout 0 
#  -abstime 0
#  -systime 0
#  -timeres 1000 
#  -noimprove 0 
#  -earlysteps 0 
#  -earlyqual 0 
#  -earlywqual 0 
#  -strikes 0 
#  -target 0 
#  -wtarget 0 
#  -seed 1587490541 
#  -solve 0
#  -find,-numsol 0 
#  -findunique 0 
#  -srestart 0 
#  -prestart 0 
#  -drestart 0 
# 
#  -novnoise 0.5 
#  -wp 0.01 
# 
# UBCSAT default output: 
#    'ubcsat -r out null' to suppress, 'ubcsat -hc' for customization help
# 
# 
# Output Columns: |run|found|best|beststep|steps|
# 
# run: Run Number
# found: Target Solution Quality Found? (1 => yes)
# best: Best (Lowest) # of False Clauses Found
# beststep: Step of Best (Lowest) # of False Clauses Found
# steps: Total Number of Search Steps
# 
#       F  Best                 Step                Total 
#   Run N Sol'n                   of               Search 
#   No. D Found                 Best                Steps 
# 
      1 0   395               775856              1000000
      2 0   393                67629              1000000
      3 0   416                53262              1000000
      4 0   429               260886              1000000
      5 0   436                51700              1000000
      6 0   412               809325              1000000
      7 0   422                62075              1000000
      8 0   411                71808              1000000
      9 0   420                87593              1000000
     10 0   388                47515              1000000


Variables = 21033
Clauses = 186693
TotalLiterals = 876879
TotalCPUTimeElapsed = 19.360    
FlipsPerSecond = 516529 
RunsExecuted = 10
SuccessfulRuns = 0
PercentSuccess = 0.00  
Steps_Mean = 1000000
Steps_CoeffVariance = 0
Steps_Median = 1000000
CPUTime_Mean = 1.936
CPUTime_CoeffVariance = 0
CPUTime_Median = 1.936


