# 
# UBCSAT version 1.2-b18 BETA -- avoid using for published results
# 
# http://ubcsat.dtompkins.com
# 
# ubcsat -h for help
# 
#  -alg rnovelty+
#  -runs 10 
#  -cutoff 1000000 
#  -timeout 0 
#  -gtimeout 0 
#  -abstime 0
#  -systime 0
#  -timeres 1000 
#  -noimprove 0 
#  -earlysteps 0 
#  -earlyqual 0 
#  -earlywqual 0 
#  -strikes 0 
#  -target 0 
#  -wtarget 0 
#  -seed 150650428 
#  -solve 0
#  -find,-numsol 0 
#  -findunique 0 
#  -srestart 0 
#  -prestart 0 
#  -drestart 0 
# 
#  -novnoise 0.5 
#  -wp 0.01 
# 
# UBCSAT default output: 
#    'ubcsat -r out null' to suppress, 'ubcsat -hc' for customization help
# 
# 
# Output Columns: |run|found|best|beststep|steps|
# 
# run: Run Number
# found: Target Solution Quality Found? (1 => yes)
# best: Best (Lowest) # of False Clauses Found
# beststep: Step of Best (Lowest) # of False Clauses Found
# steps: Total Number of Search Steps
# 
#       F  Best                 Step                Total 
#   Run N Sol'n                   of               Search 
#   No. D Found                 Best                Steps 
# 
      1 0   372                19089              1000000
      2 0   382                20757              1000000
      3 0   364                20404              1000000
      4 0   365                18331              1000000
      5 0   367                19711              1000000
      6 0   352                19428              1000000
      7 0   367                24005              1000000
      8 0   370                19708              1000000
      9 0   363                23514              1000000
     10 0   352                21166              1000000


Variables = 19548
Clauses = 180858
TotalLiterals = 860814
TotalCPUTimeElapsed = 10.690    
FlipsPerSecond = 935454 
RunsExecuted = 10
SuccessfulRuns = 0
PercentSuccess = 0.00  
Steps_Mean = 1000000
Steps_CoeffVariance = 0
Steps_Median = 1000000
CPUTime_Mean = 1.069
CPUTime_CoeffVariance = 0
CPUTime_Median = 1.069


