# 
# UBCSAT version 1.2-b18 BETA -- avoid using for published results
# 
# http://ubcsat.dtompkins.com
# 
# ubcsat -h for help
# 
#  -alg vw2 -v 2005
#  -runs 10 
#  -cutoff 1000000 
#  -timeout 0 
#  -gtimeout 0 
#  -abstime 0
#  -systime 0
#  -timeres 1000 
#  -noimprove 0 
#  -earlysteps 0 
#  -earlyqual 0 
#  -earlywqual 0 
#  -strikes 0 
#  -target 0 
#  -wtarget 0 
#  -seed 1042852121 
#  -solve 0
#  -find,-numsol 0 
#  -findunique 0 
#  -srestart 0 
#  -prestart 0 
#  -drestart 0 
# 
# 
# UBCSAT default output: 
#    'ubcsat -r out null' to suppress, 'ubcsat -hc' for customization help
# 
# 
# Output Columns: |run|found|best|beststep|steps|
# 
# run: Run Number
# found: Target Solution Quality Found? (1 => yes)
# best: Best (Lowest) # of False Clauses Found
# beststep: Step of Best (Lowest) # of False Clauses Found
# steps: Total Number of Search Steps
# 
#       F  Best                 Step                Total 
#   Run N Sol'n                   of               Search 
#   No. D Found                 Best                Steps 
# 
      1 0    27               887274              1000000
      2 0   282               715250              1000000
      3 0    51               805457              1000000
      4 0   148               374255              1000000
      5 0   216               425080              1000000
      6 0    50               580873              1000000
      7 0    89               628194              1000000
      8 0   181               694170              1000000
      9 0   227               553175              1000000
     10 0    57               997532              1000000


Variables = 22545
Clauses = 201279
TotalLiterals = 941085
TotalCPUTimeElapsed = 8.430     
FlipsPerSecond = 1186240
RunsExecuted = 10
SuccessfulRuns = 0
PercentSuccess = 0.00  
Steps_Mean = 1000000
Steps_CoeffVariance = 0
Steps_Median = 1000000
CPUTime_Mean = 0.843
CPUTime_CoeffVariance = 0
CPUTime_Median = 0.843


