# 
# UBCSAT version 1.2-b18 BETA -- avoid using for published results
# 
# http://ubcsat.dtompkins.com
# 
# ubcsat -h for help
# 
#  -alg walksat
#  -runs 10 
#  -cutoff 10000000 
#  -timeout 0 
#  -gtimeout 0 
#  -abstime 0
#  -systime 0
#  -timeres 1000 
#  -noimprove 0 
#  -earlysteps 0 
#  -earlyqual 0 
#  -earlywqual 0 
#  -strikes 0 
#  -target 0 
#  -wtarget 0 
#  -seed 1397210547 
#  -solve 0
#  -find,-numsol 0 
#  -findunique 0 
#  -srestart 0 
#  -prestart 0 
#  -drestart 0 
# 
#  -wp 0.1 
# 
# UBCSAT default output: 
#    'ubcsat -r out null' to suppress, 'ubcsat -hc' for customization help
# 
# 
# Output Columns: |run|found|best|beststep|steps|
# 
# run: Run Number
# found: Target Solution Quality Found? (1 => yes)
# best: Best (Lowest) # of False Clauses Found
# beststep: Step of Best (Lowest) # of False Clauses Found
# steps: Total Number of Search Steps
# 
#       F  Best                 Step                Total 
#   Run N Sol'n                   of               Search 
#   No. D Found                 Best                Steps 
# 
      1 0   442              3251682             10000000
      2 0   533              3150473             10000000
      3 0   503              3700048             10000000
      4 0   491              9159401             10000000
      5 0   452              4350522             10000000
      6 0   508              9478600             10000000
      7 0   491              9354732             10000000
      8 0   433              8807434             10000000
      9 0   490              8048094             10000000
     10 0   493              5040604             10000000


Variables = 22545
Clauses = 201279
TotalLiterals = 941085
TotalCPUTimeElapsed = 120.750   
FlipsPerSecond = 828157 
RunsExecuted = 10
SuccessfulRuns = 0
PercentSuccess = 0.00  
Steps_Mean = 10000000
Steps_CoeffVariance = 0
Steps_Median = 10000000
CPUTime_Mean = 12.075
CPUTime_CoeffVariance = 0
CPUTime_Median = 12.075


