# 
# UBCSAT version 1.2-b18 BETA -- avoid using for published results
# 
# http://ubcsat.dtompkins.com
# 
# ubcsat -h for help
# 
#  -alg walksat
#  -runs 10 
#  -cutoff 10000000 
#  -timeout 0 
#  -gtimeout 0 
#  -abstime 0
#  -systime 0
#  -timeres 1000 
#  -noimprove 0 
#  -earlysteps 0 
#  -earlyqual 0 
#  -earlywqual 0 
#  -strikes 0 
#  -target 0 
#  -wtarget 0 
#  -seed 1653046530 
#  -solve 0
#  -find,-numsol 0 
#  -findunique 0 
#  -srestart 0 
#  -prestart 0 
#  -drestart 0 
# 
#  -wp 0.37 
# 
# UBCSAT default output: 
#    'ubcsat -r out null' to suppress, 'ubcsat -hc' for customization help
# 
# 
# Output Columns: |run|found|best|beststep|steps|
# 
# run: Run Number
# found: Target Solution Quality Found? (1 => yes)
# best: Best (Lowest) # of False Clauses Found
# beststep: Step of Best (Lowest) # of False Clauses Found
# steps: Total Number of Search Steps
# 
#       F  Best                 Step                Total 
#   Run N Sol'n                   of               Search 
#   No. D Found                 Best                Steps 
# 
      1 0    48              5879539             10000000
      2 0    53              3568956             10000000
      3 0    45              6113794             10000000
      4 0    55              9416880             10000000
      5 0    51              1658273             10000000
      6 0    56              7422371             10000000
      7 0    54              4096159             10000000
      8 0    47              4223085             10000000
      9 0    56              3150121             10000000
     10 0    51               718141             10000000


Variables = 23301
Clauses = 215862
TotalLiterals = 1030050
TotalCPUTimeElapsed = 95.820    
FlipsPerSecond = 1043623
RunsExecuted = 10
SuccessfulRuns = 0
PercentSuccess = 0.00  
Steps_Mean = 10000000
Steps_CoeffVariance = 0
Steps_Median = 10000000
CPUTime_Mean = 9.582
CPUTime_CoeffVariance = 0
CPUTime_Median = 9.582


